2024-08-01 20:11:05,083 INFO: 
                ____                _       _____  ____
               / __ ) ____ _ _____ (_)_____/ ___/ / __ \
              / __  |/ __ `// ___// // ___/\__ \ / /_/ /
             / /_/ // /_/ /(__  )/ // /__ ___/ // _, _/
            /_____/ \__,_//____//_/ \___//____//_/ |_|
     ______                   __   __                 __      __
    / ____/____   ____   ____/ /  / /   __  __ _____ / /__   / /
   / / __ / __ \ / __ \ / __  /  / /   / / / // ___// //_/  / /
  / /_/ // /_/ // /_/ // /_/ /  / /___/ /_/ // /__ / /<    /_/
  \____/ \____/ \____/ \____/  /_____/\____/ \___//_/|_|  (_)
    
Version Information: 
	BasicSR: 1.1.0+cc63400
	PyTorch: 1.11.0
	TorchVision: 0.12.0
2024-08-01 20:11:05,084 INFO: 
  name: LLEN_LOL_v1
  model_type: ImageCleanModel
  scale: 1
  num_gpu: 1
  manual_seed: 100
  datasets:[
    train:[
      name: TrainSet
      type: Dataset_PairedImage
      dataroot_gt: data/LOLv1/Train/target
      dataroot_lq: data/LOLv1/Train/input
      geometric_augs: True
      filename_tmpl: {}
      io_backend:[
        type: disk
      ]
      use_shuffle: True
      num_worker_per_gpu: 8
      batch_size_per_gpu: 8
      mini_batch_sizes: [8]
      iters: [3000]
      gt_size: 128
      gt_sizes: [128]
      dataset_enlarge_ratio: 1
      prefetch_mode: None
      phase: train
      scale: 1
    ]
    val:[
      name: ValSet
      type: Dataset_PairedImage
      dataroot_gt: data/LOLv1/Test/gt
      dataroot_lq: data/LOLv1/Test/input
      io_backend:[
        type: disk
      ]
      phase: val
      scale: 1
    ]
  ]
  network_g:[
    type: LLEN
    in_channels: 3
    out_channels: 3
    n_feat: 40
    stage: 1
    num_blocks: [2, 2, 2]
  ]
  path:[
    pretrain_network_g: None
    strict_load_g: True
    resume_state: None
    root: /home/zgj/code/lowlight/LLEN-main
    experiments_root: /home/zgj/code/lowlight/LLEN-main/experiments/LLEN_LOL_v1
    models: /home/zgj/code/lowlight/LLEN-main/experiments/LLEN_LOL_v1/models
    training_states: /home/zgj/code/lowlight/LLEN-main/experiments/LLEN_LOL_v1/training_states
    log: /home/zgj/code/lowlight/LLEN-main/experiments/LLEN_LOL_v1
    visualization: /home/zgj/code/lowlight/LLEN-main/experiments/LLEN_LOL_v1/visualization
  ]
  train:[
    total_iter: 1500
    warmup_iter: -1
    use_grad_clip: True
    scheduler:[
      type: CosineAnnealingRestartCyclicLR
      periods: [460, 1040]
      restart_weights: [1, 1]
      eta_mins: [0.0003, 1e-06]
    ]
    mixing_augs:[
      mixup: True
      mixup_beta: 1.2
      use_identity: True
    ]
    optim_g:[
      type: Adam
      lr: 0.0002
      betas: [0.9, 0.999]
    ]
    pixel_opt:[
      type: L1Loss
      loss_weight: 1
      reduction: mean
    ]
  ]
  val:[
    window_size: 4
    val_freq: 10.0
    save_img: False
    rgb2bgr: True
    use_image: False
    max_minibatch: 8
    metrics:[
      psnr:[
        type: calculate_psnr
        crop_border: 0
        test_y_channel: False
      ]
    ]
  ]
  logger:[
    print_freq: 50
    save_checkpoint_freq: 10.0
    use_tb_logger: True
    wandb:[
      project: low_light
      resume_id: None
    ]
  ]
  dist_params:[
    backend: nccl
    port: 29500
  ]
  is_train: True
  dist: False
  rank: 0
  world_size: 1
  rename_flag: False

2024-08-01 20:11:05,267 INFO: Dataset Dataset_PairedImage - TrainSet is created.
2024-08-01 20:11:05,268 INFO: Training statistics:
	Number of train images: 485
	Dataset enlarge ratio: 1
	Batch size per gpu: 8
	World size (gpu number): 1
	Require iter number per epoch: 61
	Total epochs: 25; iters: 1500.
2024-08-01 20:11:05,268 INFO: Dataset Dataset_PairedImage - ValSet is created.
2024-08-01 20:11:05,268 INFO: Number of val images/folders in ValSet: 15
2024-08-01 20:11:08,022 INFO: Model [ImageCleanModel] is created.
2024-08-01 20:11:08,255 INFO: Start training from epoch: 0, iter: 0
2024-08-01 20:11:08,762 INFO: 
 Updating Patch_Size to 128 and Batch_Size to 8 

2024-08-01 20:11:12,798 INFO: Saving models and training states.
2024-08-01 20:11:15,416 INFO: Validation ValSet,		 # psnr: 14.7233
2024-08-01 20:11:17,532 INFO: Saving models and training states.
2024-08-01 20:11:19,975 INFO: Validation ValSet,		 # psnr: 16.2459
2024-08-01 20:11:22,112 INFO: Saving models and training states.
2024-08-01 20:11:24,558 INFO: Validation ValSet,		 # psnr: 17.1907
2024-08-01 20:11:26,708 INFO: Saving models and training states.
2024-08-01 20:11:29,166 INFO: Validation ValSet,		 # psnr: 17.2666
2024-08-01 20:11:31,376 INFO: [Retin..][epoch:  0, iter:      50, lr:(2.028e-04,)] [eta: 0:11:03, time (data): 0.236 (0.001)] l_pix: 1.3029e-01 
2024-08-01 20:11:31,376 INFO: Saving models and training states.
2024-08-01 20:11:34,009 INFO: Validation ValSet,		 # psnr: 17.5012
2024-08-01 20:11:36,178 INFO: Saving models and training states.
2024-08-01 20:11:38,675 INFO: Validation ValSet,		 # psnr: 17.9658
2024-08-01 20:11:41,350 INFO: Saving models and training states.
2024-08-01 20:11:43,819 INFO: Validation ValSet,		 # psnr: 17.7369
2024-08-01 20:11:45,934 INFO: Saving models and training states.
2024-08-01 20:11:48,394 INFO: Validation ValSet,		 # psnr: 17.7263
2024-08-01 20:11:50,634 INFO: Saving models and training states.
2024-08-01 20:11:53,130 INFO: Validation ValSet,		 # psnr: 16.9457
2024-08-01 20:11:55,291 INFO: [Retin..][epoch:  1, iter:     100, lr:(2.110e-04,)] [eta: 0:10:54, time (data): 0.214 (0.001)] l_pix: 1.2374e-01 
2024-08-01 20:11:55,291 INFO: Saving models and training states.
2024-08-01 20:11:57,766 INFO: Validation ValSet,		 # psnr: 18.0242
2024-08-01 20:11:59,917 INFO: Saving models and training states.
2024-08-01 20:12:02,357 INFO: Validation ValSet,		 # psnr: 18.5970
2024-08-01 20:12:04,509 INFO: Saving models and training states.
2024-08-01 20:12:07,048 INFO: Validation ValSet,		 # psnr: 17.9042
2024-08-01 20:12:09,736 INFO: Saving models and training states.
2024-08-01 20:12:12,274 INFO: Validation ValSet,		 # psnr: 17.7660
2024-08-01 20:12:14,548 INFO: Saving models and training states.
2024-08-01 20:12:17,001 INFO: Validation ValSet,		 # psnr: 18.3352
2024-08-01 20:12:19,220 INFO: [Retin..][epoch:  2, iter:     150, lr:(2.237e-04,)] [eta: 0:10:36, time (data): 0.252 (0.001)] l_pix: 1.3797e-01 
2024-08-01 20:12:19,220 INFO: Saving models and training states.
2024-08-01 20:12:21,740 INFO: Validation ValSet,		 # psnr: 18.3822
2024-08-01 20:12:23,888 INFO: Saving models and training states.
2024-08-01 20:12:26,379 INFO: Validation ValSet,		 # psnr: 18.2810
2024-08-01 20:12:28,543 INFO: Saving models and training states.
2024-08-01 20:12:31,018 INFO: Validation ValSet,		 # psnr: 18.3954
2024-08-01 20:12:33,171 INFO: Saving models and training states.
2024-08-01 20:12:35,669 INFO: Validation ValSet,		 # psnr: 18.3444
2024-08-01 20:12:38,369 INFO: Saving models and training states.
2024-08-01 20:12:40,840 INFO: Validation ValSet,		 # psnr: 18.1183
2024-08-01 20:12:43,009 INFO: [Retin..][epoch:  3, iter:     200, lr:(2.395e-04,)] [eta: 0:10:13, time (data): 0.221 (0.001)] l_pix: 7.9805e-02 
2024-08-01 20:12:43,010 INFO: Saving models and training states.
2024-08-01 20:12:45,590 INFO: Validation ValSet,		 # psnr: 17.4543
2024-08-01 20:12:47,779 INFO: Saving models and training states.
2024-08-01 20:12:50,288 INFO: Validation ValSet,		 # psnr: 18.9435
2024-08-01 20:12:52,482 INFO: Saving models and training states.
2024-08-01 20:12:54,999 INFO: Validation ValSet,		 # psnr: 17.1524
2024-08-01 20:12:57,190 INFO: Saving models and training states.
2024-08-01 20:12:59,854 INFO: Validation ValSet,		 # psnr: 17.6263
2024-08-01 20:13:02,046 INFO: Saving models and training states.
2024-08-01 20:13:04,586 INFO: Validation ValSet,		 # psnr: 18.3517
2024-08-01 20:13:07,446 INFO: [Retin..][epoch:  4, iter:     250, lr:(2.565e-04,)] [eta: 0:09:54, time (data): 0.224 (0.000)] l_pix: 1.3479e-01 
2024-08-01 20:13:07,446 INFO: Saving models and training states.
2024-08-01 20:13:10,038 INFO: Validation ValSet,		 # psnr: 18.1892
2024-08-01 20:13:12,276 INFO: Saving models and training states.
2024-08-01 20:13:14,874 INFO: Validation ValSet,		 # psnr: 17.6708
2024-08-01 20:13:17,043 INFO: Saving models and training states.
2024-08-01 20:13:19,538 INFO: Validation ValSet,		 # psnr: 17.7773
2024-08-01 20:13:21,712 INFO: Saving models and training states.
2024-08-01 20:13:24,211 INFO: Validation ValSet,		 # psnr: 18.1857
2024-08-01 20:13:26,376 INFO: Saving models and training states.
2024-08-01 20:13:28,889 INFO: Validation ValSet,		 # psnr: 18.2207
2024-08-01 20:13:31,072 INFO: [Retin..][epoch:  4, iter:     300, lr:(2.727e-04,)] [eta: 0:09:29, time (data): 0.213 (0.001)] l_pix: 8.1189e-02 
2024-08-01 20:13:31,073 INFO: Saving models and training states.
2024-08-01 20:13:33,593 INFO: Validation ValSet,		 # psnr: 18.4533
2024-08-01 20:13:36,372 INFO: Saving models and training states.
2024-08-01 20:13:38,855 INFO: Validation ValSet,		 # psnr: 19.1813
2024-08-01 20:13:41,026 INFO: Saving models and training states.
2024-08-01 20:13:43,492 INFO: Validation ValSet,		 # psnr: 18.8758
2024-08-01 20:13:45,689 INFO: Saving models and training states.
2024-08-01 20:13:48,184 INFO: Validation ValSet,		 # psnr: 18.3945
2024-08-01 20:13:50,358 INFO: Saving models and training states.
2024-08-01 20:13:52,842 INFO: Validation ValSet,		 # psnr: 16.6926
2024-08-01 20:13:55,004 INFO: [Retin..][epoch:  5, iter:     350, lr:(2.863e-04,)] [eta: 0:09:06, time (data): 0.215 (0.001)] l_pix: 1.2208e-01 
2024-08-01 20:13:55,004 INFO: Saving models and training states.
2024-08-01 20:13:57,491 INFO: Validation ValSet,		 # psnr: 18.5517
2024-08-01 20:13:59,689 INFO: Saving models and training states.
2024-08-01 20:14:02,177 INFO: Validation ValSet,		 # psnr: 19.0442
2024-08-01 20:14:04,939 INFO: Saving models and training states.
2024-08-01 20:14:07,461 INFO: Validation ValSet,		 # psnr: 18.4792
2024-08-01 20:14:09,648 INFO: Saving models and training states.
2024-08-01 20:14:12,131 INFO: Validation ValSet,		 # psnr: 19.1687
2024-08-01 20:14:14,361 INFO: Saving models and training states.
2024-08-01 20:14:16,840 INFO: Validation ValSet,		 # psnr: 19.1182
2024-08-01 20:14:19,078 INFO: [Retin..][epoch:  6, iter:     400, lr:(2.957e-04,)] [eta: 0:08:43, time (data): 0.232 (0.001)] l_pix: 9.7821e-02 
2024-08-01 20:14:19,078 INFO: Saving models and training states.
2024-08-01 20:14:21,722 INFO: Validation ValSet,		 # psnr: 19.5983
2024-08-01 20:14:24,107 INFO: Saving models and training states.
2024-08-01 20:14:26,700 INFO: Validation ValSet,		 # psnr: 19.1844
2024-08-01 20:14:29,063 INFO: Saving models and training states.
2024-08-01 20:14:31,644 INFO: Validation ValSet,		 # psnr: 19.5412
2024-08-01 20:14:34,489 INFO: Saving models and training states.
2024-08-01 20:14:37,040 INFO: Validation ValSet,		 # psnr: 18.6412
2024-08-01 20:14:39,331 INFO: Saving models and training states.
2024-08-01 20:14:41,882 INFO: Validation ValSet,		 # psnr: 18.6487
2024-08-01 20:14:44,169 INFO: [Retin..][epoch:  7, iter:     450, lr:(2.999e-04,)] [eta: 0:08:22, time (data): 0.226 (0.001)] l_pix: 8.9505e-02 
2024-08-01 20:14:44,169 INFO: Saving models and training states.
2024-08-01 20:14:46,704 INFO: Validation ValSet,		 # psnr: 18.9236
2024-08-01 20:14:49,077 INFO: Saving models and training states.
2024-08-01 20:14:51,705 INFO: Validation ValSet,		 # psnr: 18.9639
2024-08-01 20:14:54,173 INFO: Saving models and training states.
2024-08-01 20:14:56,735 INFO: Validation ValSet,		 # psnr: 18.6926
2024-08-01 20:14:59,106 INFO: Saving models and training states.
2024-08-01 20:15:01,729 INFO: Validation ValSet,		 # psnr: 18.3380
2024-08-01 20:15:04,644 INFO: Saving models and training states.
2024-08-01 20:15:07,222 INFO: Validation ValSet,		 # psnr: 18.4854
2024-08-01 20:15:09,483 INFO: [Retin..][epoch:  8, iter:     500, lr:(1.993e-04,)] [eta: 0:08:01, time (data): 0.230 (0.001)] l_pix: 6.9327e-02 
2024-08-01 20:15:09,483 INFO: Saving models and training states.
2024-08-01 20:15:12,016 INFO: Validation ValSet,		 # psnr: 18.9543
2024-08-01 20:15:14,301 INFO: Saving models and training states.
2024-08-01 20:15:16,904 INFO: Validation ValSet,		 # psnr: 19.0910
2024-08-01 20:15:19,252 INFO: Saving models and training states.
2024-08-01 20:15:21,805 INFO: Validation ValSet,		 # psnr: 19.4848
2024-08-01 20:15:24,187 INFO: Saving models and training states.
2024-08-01 20:15:26,749 INFO: Validation ValSet,		 # psnr: 19.9810
2024-08-01 20:15:29,108 INFO: Saving models and training states.
2024-08-01 20:15:31,648 INFO: Validation ValSet,		 # psnr: 20.1292
2024-08-01 20:15:34,580 INFO: [Retin..][epoch:  9, iter:     550, lr:(1.964e-04,)] [eta: 0:07:39, time (data): 0.226 (0.000)] l_pix: 7.4742e-02 
2024-08-01 20:15:34,580 INFO: Saving models and training states.
2024-08-01 20:15:37,162 INFO: Validation ValSet,		 # psnr: 19.8020
2024-08-01 20:15:39,482 INFO: Saving models and training states.
2024-08-01 20:15:42,181 INFO: Validation ValSet,		 # psnr: 18.9671
2024-08-01 20:15:44,554 INFO: Saving models and training states.
2024-08-01 20:15:47,100 INFO: Validation ValSet,		 # psnr: 19.8707
2024-08-01 20:15:49,459 INFO: Saving models and training states.
2024-08-01 20:15:52,020 INFO: Validation ValSet,		 # psnr: 18.9350
2024-08-01 20:15:54,407 INFO: Saving models and training states.
2024-08-01 20:15:56,995 INFO: Validation ValSet,		 # psnr: 19.5802
2024-08-01 20:15:59,311 INFO: [Retin..][epoch:  9, iter:     600, lr:(1.914e-04,)] [eta: 0:07:15, time (data): 0.231 (0.001)] l_pix: 7.3595e-02 
2024-08-01 20:15:59,312 INFO: Saving models and training states.
2024-08-01 20:16:01,943 INFO: Validation ValSet,		 # psnr: 19.9442
2024-08-01 20:16:04,913 INFO: Saving models and training states.
2024-08-01 20:16:07,514 INFO: Validation ValSet,		 # psnr: 18.9787
2024-08-01 20:16:09,918 INFO: Saving models and training states.
2024-08-01 20:16:12,510 INFO: Validation ValSet,		 # psnr: 19.1107
2024-08-01 20:16:14,841 INFO: Saving models and training states.
2024-08-01 20:16:17,527 INFO: Validation ValSet,		 # psnr: 19.7437
2024-08-01 20:16:19,884 INFO: Saving models and training states.
2024-08-01 20:16:22,463 INFO: Validation ValSet,		 # psnr: 19.9807
2024-08-01 20:16:24,804 INFO: [Retin..][epoch: 10, iter:     650, lr:(1.842e-04,)] [eta: 0:06:53, time (data): 0.235 (0.001)] l_pix: 1.0134e-01 
2024-08-01 20:16:24,805 INFO: Saving models and training states.
2024-08-01 20:16:27,460 INFO: Validation ValSet,		 # psnr: 20.0663
2024-08-01 20:16:29,843 INFO: Saving models and training states.
2024-08-01 20:16:32,467 INFO: Validation ValSet,		 # psnr: 20.2245
2024-08-01 20:16:35,450 INFO: Saving models and training states.
2024-08-01 20:16:38,029 INFO: Validation ValSet,		 # psnr: 18.5619
2024-08-01 20:16:40,371 INFO: Saving models and training states.
2024-08-01 20:16:42,956 INFO: Validation ValSet,		 # psnr: 19.8513
2024-08-01 20:16:45,296 INFO: Saving models and training states.
2024-08-01 20:16:47,974 INFO: Validation ValSet,		 # psnr: 19.3552
2024-08-01 20:16:50,464 INFO: [Retin..][epoch: 11, iter:     700, lr:(1.752e-04,)] [eta: 0:06:30, time (data): 0.240 (0.001)] l_pix: 5.5468e-02 
2024-08-01 20:16:50,464 INFO: Saving models and training states.
2024-08-01 20:16:53,082 INFO: Validation ValSet,		 # psnr: 19.1483
2024-08-01 20:16:55,460 INFO: Saving models and training states.
2024-08-01 20:16:58,042 INFO: Validation ValSet,		 # psnr: 18.6343
2024-08-01 20:17:00,385 INFO: Saving models and training states.
2024-08-01 20:17:03,015 INFO: Validation ValSet,		 # psnr: 19.7874
2024-08-01 20:17:06,108 INFO: Saving models and training states.
2024-08-01 20:17:08,710 INFO: Validation ValSet,		 # psnr: 19.2221
2024-08-01 20:17:11,255 INFO: Saving models and training states.
2024-08-01 20:17:13,833 INFO: Validation ValSet,		 # psnr: 19.2989
2024-08-01 20:17:16,215 INFO: [Retin..][epoch: 12, iter:     750, lr:(1.644e-04,)] [eta: 0:06:07, time (data): 0.248 (0.001)] l_pix: 1.3023e-01 
2024-08-01 20:17:16,215 INFO: Saving models and training states.
2024-08-01 20:17:18,861 INFO: Validation ValSet,		 # psnr: 19.0738
2024-08-01 20:17:21,208 INFO: Saving models and training states.
2024-08-01 20:17:23,855 INFO: Validation ValSet,		 # psnr: 20.0066
2024-08-01 20:17:26,208 INFO: Saving models and training states.
2024-08-01 20:17:28,850 INFO: Validation ValSet,		 # psnr: 20.1121
2024-08-01 20:17:31,246 INFO: Saving models and training states.
2024-08-01 20:17:33,916 INFO: Validation ValSet,		 # psnr: 19.3995
2024-08-01 20:17:36,848 INFO: Saving models and training states.
2024-08-01 20:17:39,504 INFO: Validation ValSet,		 # psnr: 20.0085
2024-08-01 20:17:41,908 INFO: [Retin..][epoch: 13, iter:     800, lr:(1.522e-04,)] [eta: 0:05:43, time (data): 0.242 (0.002)] l_pix: 7.9780e-02 
2024-08-01 20:17:41,908 INFO: Saving models and training states.
2024-08-01 20:17:44,529 INFO: Validation ValSet,		 # psnr: 19.7612
2024-08-01 20:17:46,923 INFO: Saving models and training states.
2024-08-01 20:17:49,598 INFO: Validation ValSet,		 # psnr: 19.6178
2024-08-01 20:17:52,075 INFO: Saving models and training states.
2024-08-01 20:17:54,662 INFO: Validation ValSet,		 # psnr: 19.1348
2024-08-01 20:17:57,067 INFO: Saving models and training states.
2024-08-01 20:17:59,680 INFO: Validation ValSet,		 # psnr: 20.1951
2024-08-01 20:18:02,118 INFO: Saving models and training states.
2024-08-01 20:18:04,839 INFO: Validation ValSet,		 # psnr: 19.6898
2024-08-01 20:18:07,860 INFO: [Retin..][epoch: 14, iter:     850, lr:(1.389e-04,)] [eta: 0:05:20, time (data): 0.242 (0.000)] l_pix: 5.9237e-02 
2024-08-01 20:18:07,860 INFO: Saving models and training states.
2024-08-01 20:18:10,539 INFO: Validation ValSet,		 # psnr: 19.6774
2024-08-01 20:18:12,942 INFO: Saving models and training states.
2024-08-01 20:18:15,481 INFO: Validation ValSet,		 # psnr: 19.7493
2024-08-01 20:18:17,941 INFO: Saving models and training states.
2024-08-01 20:18:20,617 INFO: Validation ValSet,		 # psnr: 19.4890
2024-08-01 20:18:23,057 INFO: Saving models and training states.
2024-08-01 20:18:25,693 INFO: Validation ValSet,		 # psnr: 20.2001
2024-08-01 20:18:28,182 INFO: Saving models and training states.
2024-08-01 20:18:30,759 INFO: Validation ValSet,		 # psnr: 20.1603
2024-08-01 20:18:33,117 INFO: [Retin..][epoch: 14, iter:     900, lr:(1.246e-04,)] [eta: 0:04:55, time (data): 0.245 (0.001)] l_pix: 7.6712e-02 
2024-08-01 20:18:33,117 INFO: Saving models and training states.
2024-08-01 20:18:35,804 INFO: Validation ValSet,		 # psnr: 19.8240
2024-08-01 20:18:38,678 INFO: Saving models and training states.
2024-08-01 20:18:41,273 INFO: Validation ValSet,		 # psnr: 19.9923
2024-08-01 20:18:43,668 INFO: Saving models and training states.
2024-08-01 20:18:46,246 INFO: Validation ValSet,		 # psnr: 20.6778
2024-08-01 20:18:48,733 INFO: Saving models and training states.
2024-08-01 20:18:51,390 INFO: Validation ValSet,		 # psnr: 20.7811
2024-08-01 20:18:53,810 INFO: Saving models and training states.
2024-08-01 20:18:56,435 INFO: Validation ValSet,		 # psnr: 20.6077
2024-08-01 20:18:58,769 INFO: [Retin..][epoch: 15, iter:     950, lr:(1.098e-04,)] [eta: 0:04:31, time (data): 0.234 (0.001)] l_pix: 9.6621e-02 
2024-08-01 20:18:58,769 INFO: Saving models and training states.
2024-08-01 20:19:01,419 INFO: Validation ValSet,		 # psnr: 20.6622
2024-08-01 20:19:03,787 INFO: Saving models and training states.
2024-08-01 20:19:06,380 INFO: Validation ValSet,		 # psnr: 20.3505
2024-08-01 20:19:09,261 INFO: Saving models and training states.
2024-08-01 20:19:11,841 INFO: Validation ValSet,		 # psnr: 20.1804
2024-08-01 20:19:14,154 INFO: Saving models and training states.
2024-08-01 20:19:16,762 INFO: Validation ValSet,		 # psnr: 20.0905
2024-08-01 20:19:19,193 INFO: Saving models and training states.
2024-08-01 20:19:21,793 INFO: Validation ValSet,		 # psnr: 20.4528
2024-08-01 20:19:24,067 INFO: [Retin..][epoch: 16, iter:   1,000, lr:(9.479e-05,)] [eta: 0:04:07, time (data): 0.233 (0.001)] l_pix: 9.6111e-02 
2024-08-01 20:19:24,068 INFO: Saving models and training states.
2024-08-01 20:19:26,655 INFO: Validation ValSet,		 # psnr: 20.2512
2024-08-01 20:19:29,019 INFO: Saving models and training states.
2024-08-01 20:19:31,606 INFO: Validation ValSet,		 # psnr: 20.3418
2024-08-01 20:19:34,016 INFO: Saving models and training states.
2024-08-01 20:19:36,570 INFO: Validation ValSet,		 # psnr: 20.3388
2024-08-01 20:19:39,468 INFO: Saving models and training states.
2024-08-01 20:19:42,057 INFO: Validation ValSet,		 # psnr: 20.7461
2024-08-01 20:19:44,376 INFO: Saving models and training states.
2024-08-01 20:19:46,944 INFO: Validation ValSet,		 # psnr: 20.6731
2024-08-01 20:19:49,306 INFO: [Retin..][epoch: 17, iter:   1,050, lr:(7.991e-05,)] [eta: 0:03:42, time (data): 0.232 (0.001)] l_pix: 1.1961e-01 
2024-08-01 20:19:49,306 INFO: Saving models and training states.
2024-08-01 20:19:51,889 INFO: Validation ValSet,		 # psnr: 20.8307
2024-08-01 20:19:54,317 INFO: Saving models and training states.
2024-08-01 20:19:56,908 INFO: Validation ValSet,		 # psnr: 20.6850
2024-08-01 20:19:59,282 INFO: Saving models and training states.
2024-08-01 20:20:01,846 INFO: Validation ValSet,		 # psnr: 20.4124
2024-08-01 20:20:04,284 INFO: Saving models and training states.
2024-08-01 20:20:06,868 INFO: Validation ValSet,		 # psnr: 20.6104
2024-08-01 20:20:09,789 INFO: Saving models and training states.
2024-08-01 20:20:12,339 INFO: Validation ValSet,		 # psnr: 20.7605
2024-08-01 20:20:14,658 INFO: [Retin..][epoch: 18, iter:   1,100, lr:(6.550e-05,)] [eta: 0:03:18, time (data): 0.231 (0.001)] l_pix: 1.0746e-01 
2024-08-01 20:20:14,659 INFO: Saving models and training states.
2024-08-01 20:20:17,196 INFO: Validation ValSet,		 # psnr: 20.4056
2024-08-01 20:20:19,524 INFO: Saving models and training states.
2024-08-01 20:20:22,107 INFO: Validation ValSet,		 # psnr: 20.0103
2024-08-01 20:20:24,492 INFO: Saving models and training states.
2024-08-01 20:20:27,059 INFO: Validation ValSet,		 # psnr: 20.0141
2024-08-01 20:20:29,371 INFO: Saving models and training states.
2024-08-01 20:20:31,942 INFO: Validation ValSet,		 # psnr: 20.6688
2024-08-01 20:20:34,350 INFO: Saving models and training states.
2024-08-01 20:20:36,919 INFO: Validation ValSet,		 # psnr: 20.8401
2024-08-01 20:20:39,782 INFO: [Retin..][epoch: 19, iter:   1,150, lr:(5.188e-05,)] [eta: 0:02:53, time (data): 0.235 (0.002)] l_pix: 7.1698e-02 
2024-08-01 20:20:39,782 INFO: Saving models and training states.
2024-08-01 20:20:42,357 INFO: Validation ValSet,		 # psnr: 20.3161
2024-08-01 20:20:44,649 INFO: Saving models and training states.
2024-08-01 20:20:47,201 INFO: Validation ValSet,		 # psnr: 20.3760
2024-08-01 20:20:49,602 INFO: Saving models and training states.
2024-08-01 20:20:52,188 INFO: Validation ValSet,		 # psnr: 20.9364
2024-08-01 20:20:54,534 INFO: Saving models and training states.
2024-08-01 20:20:57,069 INFO: Validation ValSet,		 # psnr: 20.8638
2024-08-01 20:20:59,362 INFO: Saving models and training states.
2024-08-01 20:21:01,999 INFO: Validation ValSet,		 # psnr: 20.5604
2024-08-01 20:21:04,333 INFO: [Retin..][epoch: 19, iter:   1,200, lr:(3.937e-05,)] [eta: 0:02:28, time (data): 0.232 (0.001)] l_pix: 1.1122e-01 
2024-08-01 20:21:04,333 INFO: Saving models and training states.
2024-08-01 20:21:06,864 INFO: Validation ValSet,		 # psnr: 20.1909
2024-08-01 20:21:09,738 INFO: Saving models and training states.
2024-08-01 20:21:12,337 INFO: Validation ValSet,		 # psnr: 20.4370
2024-08-01 20:21:14,669 INFO: Saving models and training states.
2024-08-01 20:21:17,207 INFO: Validation ValSet,		 # psnr: 20.5151
2024-08-01 20:21:19,636 INFO: Saving models and training states.
2024-08-01 20:21:22,192 INFO: Validation ValSet,		 # psnr: 20.6322
2024-08-01 20:21:24,557 INFO: Saving models and training states.
2024-08-01 20:21:27,120 INFO: Validation ValSet,		 # psnr: 20.5542
2024-08-01 20:21:29,458 INFO: [Retin..][epoch: 20, iter:   1,250, lr:(2.826e-05,)] [eta: 0:02:03, time (data): 0.232 (0.001)] l_pix: 1.1500e-01 
2024-08-01 20:21:29,458 INFO: Saving models and training states.
2024-08-01 20:21:32,030 INFO: Validation ValSet,		 # psnr: 20.5845
2024-08-01 20:21:34,338 INFO: Saving models and training states.
2024-08-01 20:21:36,946 INFO: Validation ValSet,		 # psnr: 20.4212
2024-08-01 20:21:39,804 INFO: Saving models and training states.
2024-08-01 20:21:42,374 INFO: Validation ValSet,		 # psnr: 20.5375
2024-08-01 20:21:44,649 INFO: Saving models and training states.
2024-08-01 20:21:47,241 INFO: Validation ValSet,		 # psnr: 20.7905
2024-08-01 20:21:49,582 INFO: Saving models and training states.
2024-08-01 20:21:52,112 INFO: Validation ValSet,		 # psnr: 20.8358
2024-08-01 20:21:54,448 INFO: [Retin..][epoch: 21, iter:   1,300, lr:(1.878e-05,)] [eta: 0:01:38, time (data): 0.239 (0.001)] l_pix: 7.5777e-02 
2024-08-01 20:21:54,448 INFO: Saving models and training states.
2024-08-01 20:21:57,024 INFO: Validation ValSet,		 # psnr: 20.9223
2024-08-01 20:21:59,407 INFO: Saving models and training states.
2024-08-01 20:22:01,979 INFO: Validation ValSet,		 # psnr: 20.9145
2024-08-01 20:22:04,372 INFO: Saving models and training states.
2024-08-01 20:22:06,898 INFO: Validation ValSet,		 # psnr: 20.9099
2024-08-01 20:22:09,733 INFO: Saving models and training states.
2024-08-01 20:22:12,304 INFO: Validation ValSet,		 # psnr: 20.9005
2024-08-01 20:22:14,587 INFO: Saving models and training states.
2024-08-01 20:22:17,115 INFO: Validation ValSet,		 # psnr: 20.8966
2024-08-01 20:22:19,463 INFO: [Retin..][epoch: 22, iter:   1,350, lr:(1.117e-05,)] [eta: 0:01:14, time (data): 0.232 (0.001)] l_pix: 9.3181e-02 
2024-08-01 20:22:19,463 INFO: Saving models and training states.
2024-08-01 20:22:22,037 INFO: Validation ValSet,		 # psnr: 20.9135
2024-08-01 20:22:24,512 INFO: Saving models and training states.
2024-08-01 20:22:27,036 INFO: Validation ValSet,		 # psnr: 20.9037
2024-08-01 20:22:29,403 INFO: Saving models and training states.
2024-08-01 20:22:31,935 INFO: Validation ValSet,		 # psnr: 20.8949
2024-08-01 20:22:34,294 INFO: Saving models and training states.
2024-08-01 20:22:36,831 INFO: Validation ValSet,		 # psnr: 20.8941
2024-08-01 20:22:39,707 INFO: Saving models and training states.
2024-08-01 20:22:42,302 INFO: Validation ValSet,		 # psnr: 20.9025
2024-08-01 20:22:44,653 INFO: [Retin..][epoch: 23, iter:   1,400, lr:(5.595e-06,)] [eta: 0:00:49, time (data): 0.233 (0.001)] l_pix: 7.6341e-02 
2024-08-01 20:22:44,653 INFO: Saving models and training states.
2024-08-01 20:22:47,194 INFO: Validation ValSet,		 # psnr: 20.9095
2024-08-01 20:22:49,539 INFO: Saving models and training states.
2024-08-01 20:22:52,078 INFO: Validation ValSet,		 # psnr: 20.9063
2024-08-01 20:22:54,457 INFO: Saving models and training states.
2024-08-01 20:22:57,065 INFO: Validation ValSet,		 # psnr: 20.8997
2024-08-01 20:22:59,436 INFO: Saving models and training states.
2024-08-01 20:23:02,056 INFO: Validation ValSet,		 # psnr: 20.9010
2024-08-01 20:23:04,373 INFO: Saving models and training states.
2024-08-01 20:23:07,025 INFO: Validation ValSet,		 # psnr: 20.9038
2024-08-01 20:23:09,872 INFO: [Retin..][epoch: 24, iter:   1,450, lr:(2.178e-06,)] [eta: 0:00:24, time (data): 0.234 (0.000)] l_pix: 1.1159e-01 
2024-08-01 20:23:09,872 INFO: Saving models and training states.
2024-08-01 20:23:12,464 INFO: Validation ValSet,		 # psnr: 20.9062
2024-08-01 20:23:14,781 INFO: Saving models and training states.
2024-08-01 20:23:17,322 INFO: Validation ValSet,		 # psnr: 20.9055
2024-08-01 20:23:19,629 INFO: Saving models and training states.
2024-08-01 20:23:22,169 INFO: Validation ValSet,		 # psnr: 20.9005
2024-08-01 20:23:24,452 INFO: Saving models and training states.
2024-08-01 20:23:26,981 INFO: Validation ValSet,		 # psnr: 20.9022
2024-08-01 20:23:29,261 INFO: Saving models and training states.
2024-08-01 20:23:31,804 INFO: Validation ValSet,		 # psnr: 20.9070
2024-08-01 20:23:34,130 INFO: [Retin..][epoch: 24, iter:   1,500, lr:(1.000e-06,)] [eta: 0:00:00, time (data): 0.228 (0.002)] l_pix: 8.5504e-02 
2024-08-01 20:23:34,130 INFO: Saving models and training states.
2024-08-01 20:23:36,679 INFO: Validation ValSet,		 # psnr: 20.9049
2024-08-01 20:23:37,255 INFO: End of training. Time consumed: 0:12:29
2024-08-01 20:23:37,256 INFO: Save the latest model.
2024-08-01 20:23:39,703 INFO: Validation ValSet,		 # psnr: 20.9039
